<?xml version="1.0" encoding="UTF-8"?>
<!-- Generated by org.testng.reporters.JUnitReportReporter -->
<testsuite hostname="LAPTOP-NBCD1KMT" failures="0" tests="4" name="com.app.test.TestCase36" time="20.012" errors="0" timestamp="2024-04-12T14:35:55 IST" skipped="0">
  <testcase classname="com.app.test.TestCase36" name="setConfiguration" time="7.936"/>
  <testcase classname="com.app.test.TestCase36" name="setBrowserConfig" time="9.068"/>
  <testcase classname="com.app.test.TestCase36" name="regression" time="1.474"/>
  <testcase classname="com.app.test.TestCase36" name="logout" time="1.534"/>
</testsuite> <!-- com.app.test.TestCase36 -->
