<?xml version="1.0" encoding="UTF-8"?>
<!-- Generated by org.testng.reporters.JUnitReportReporter -->
<testsuite hostname="LAPTOP-NBCD1KMT" failures="0" tests="4" name="com.app.test.TestCase56" time="18.083" errors="0" timestamp="2024-04-12T14:35:55 IST" skipped="0">
  <testcase classname="com.app.test.TestCase56" name="setConfiguration" time="7.172"/>
  <testcase classname="com.app.test.TestCase56" name="setBrowserConfig" time="7.182"/>
  <testcase classname="com.app.test.TestCase56" name="regression" time="2.039"/>
  <testcase classname="com.app.test.TestCase56" name="logout" time="1.690"/>
</testsuite> <!-- com.app.test.TestCase56 -->
