<?xml version="1.0" encoding="UTF-8"?>
<!-- Generated by org.testng.reporters.JUnitReportReporter -->
<testsuite hostname="LAPTOP-NBCD1KMT" failures="0" tests="4" name="com.app.test.TestCase30" time="20.896" errors="0" timestamp="2024-04-12T14:35:55 IST" skipped="0">
  <testcase classname="com.app.test.TestCase30" name="setConfiguration" time="10.284"/>
  <testcase classname="com.app.test.TestCase30" name="setBrowserConfig" time="8.012"/>
  <testcase classname="com.app.test.TestCase30" name="regression" time="0.844"/>
  <testcase classname="com.app.test.TestCase30" name="logout" time="1.756"/>
</testsuite> <!-- com.app.test.TestCase30 -->
