<?xml version="1.0" encoding="UTF-8"?>
<!-- Generated by org.testng.reporters.JUnitReportReporter -->
<testsuite hostname="LAPTOP-NBCD1KMT" failures="0" tests="4" name="com.app.test.TestCase57" time="17.502" errors="0" timestamp="2024-04-12T14:35:55 IST" skipped="0">
  <testcase classname="com.app.test.TestCase57" name="setConfiguration" time="6.555"/>
  <testcase classname="com.app.test.TestCase57" name="setBrowserConfig" time="7.226"/>
  <testcase classname="com.app.test.TestCase57" name="regression" time="1.825"/>
  <testcase classname="com.app.test.TestCase57" name="logout" time="1.896"/>
</testsuite> <!-- com.app.test.TestCase57 -->
