<?xml version="1.0" encoding="UTF-8"?>
<!-- Generated by org.testng.reporters.JUnitReportReporter -->
<testsuite hostname="LAPTOP-NBCD1KMT" failures="0" tests="4" name="com.app.test.TestCase35" time="21.582" errors="0" timestamp="2024-04-12T14:35:55 IST" skipped="0">
  <testcase classname="com.app.test.TestCase35" name="setConfiguration" time="7.492"/>
  <testcase classname="com.app.test.TestCase35" name="setBrowserConfig" time="9.168"/>
  <testcase classname="com.app.test.TestCase35" name="regression" time="1.956"/>
  <testcase classname="com.app.test.TestCase35" name="logout" time="2.966"/>
</testsuite> <!-- com.app.test.TestCase35 -->
