<?xml version="1.0" encoding="UTF-8"?>
<!-- Generated by org.testng.reporters.JUnitReportReporter -->
<testsuite hostname="LAPTOP-NBCD1KMT" failures="0" tests="4" name="com.app.test.TestCase54" time="29.346" errors="0" timestamp="2024-04-12T14:35:55 IST" skipped="0">
  <testcase classname="com.app.test.TestCase54" name="setConfiguration" time="7.412"/>
  <testcase classname="com.app.test.TestCase54" name="setBrowserConfig" time="8.326"/>
  <testcase classname="com.app.test.TestCase54" name="regression" time="11.361"/>
  <testcase classname="com.app.test.TestCase54" name="logout" time="2.247"/>
</testsuite> <!-- com.app.test.TestCase54 -->
