<?xml version="1.0" encoding="UTF-8"?>
<!-- Generated by org.testng.reporters.JUnitReportReporter -->
<testsuite hostname="LAPTOP-NBCD1KMT" failures="0" tests="4" name="com.app.test.TestCase1" time="10.261" errors="0" timestamp="2024-04-12T13:05:33 IST" skipped="0">
  <testcase classname="com.app.test.TestCase1" name="setConfiguration" time="4.916"/>
  <testcase classname="com.app.test.TestCase1" name="setBrowserConfig" time="4.123"/>
  <testcase classname="com.app.test.TestCase1" name="regression" time="0.853"/>
  <testcase classname="com.app.test.TestCase1" name="logout" time="0.369"/>
</testsuite> <!-- com.app.test.TestCase1 -->
