<?xml version="1.0" encoding="UTF-8"?>
<!-- Generated by org.testng.reporters.JUnitReportReporter -->
<testsuite hostname="LAPTOP-NBCD1KMT" failures="0" tests="4" name="com.app.test.TestCase32" time="18.518" errors="0" timestamp="2024-04-12T14:35:55 IST" skipped="0">
  <testcase classname="com.app.test.TestCase32" name="setConfiguration" time="7.574"/>
  <testcase classname="com.app.test.TestCase32" name="setBrowserConfig" time="8.449"/>
  <testcase classname="com.app.test.TestCase32" name="regression" time="0.757"/>
  <testcase classname="com.app.test.TestCase32" name="logout" time="1.738"/>
</testsuite> <!-- com.app.test.TestCase32 -->
