<?xml version="1.0" encoding="UTF-8"?>
<!-- Generated by org.testng.reporters.JUnitReportReporter -->
<testsuite hostname="LAPTOP-NBCD1KMT" failures="0" tests="1" name="com.seleniumgrid.config.browserconfig" time="6.131" errors="0" timestamp="2024-04-02T06:00:17 IST" skipped="0">
  <testcase classname="com.seleniumgrid.config.browserconfig" name="setBrowser" time="6.131"/>
</testsuite> <!-- com.seleniumgrid.config.browserconfig -->
