<?xml version="1.0" encoding="UTF-8"?>
<!-- Generated by org.testng.reporters.JUnitReportReporter -->
<testsuite hostname="LAPTOP-NBCD1KMT" failures="0" tests="2" name="com.app.test.Demo_V1" time="6.467" errors="0" timestamp="2024-04-10T09:45:38 IST" skipped="0">
  <testcase classname="com.app.test.Demo_V1" name="lauchURL" time="6.243"/>
  <testcase classname="com.app.test.Demo_V1" name="login" time="0.224"/>
</testsuite> <!-- com.app.test.Demo_V1 -->
