<?xml version="1.0" encoding="UTF-8"?>
<!-- Generated by org.testng.reporters.JUnitReportReporter -->
<testsuite hostname="LAPTOP-NBCD1KMT" failures="0" tests="4" name="com.app.test.TestCase33" time="19.221" errors="0" timestamp="2024-04-12T14:35:55 IST" skipped="0">
  <testcase classname="com.app.test.TestCase33" name="setConfiguration" time="7.477"/>
  <testcase classname="com.app.test.TestCase33" name="setBrowserConfig" time="9.012"/>
  <testcase classname="com.app.test.TestCase33" name="regression" time="1.205"/>
  <testcase classname="com.app.test.TestCase33" name="logout" time="1.527"/>
</testsuite> <!-- com.app.test.TestCase33 -->
