<?xml version="1.0" encoding="UTF-8"?>
<!-- Generated by org.testng.reporters.JUnitReportReporter -->
<testsuite hostname="LAPTOP-NBCD1KMT" failures="0" tests="4" name="com.app.test.TestCase31" time="19.384" errors="0" timestamp="2024-04-12T14:35:55 IST" skipped="0">
  <testcase classname="com.app.test.TestCase31" name="setConfiguration" time="8.028"/>
  <testcase classname="com.app.test.TestCase31" name="setBrowserConfig" time="8.714"/>
  <testcase classname="com.app.test.TestCase31" name="regression" time="0.851"/>
  <testcase classname="com.app.test.TestCase31" name="logout" time="1.791"/>
</testsuite> <!-- com.app.test.TestCase31 -->
