<?xml version="1.0" encoding="UTF-8"?>
<!-- Generated by org.testng.reporters.JUnitReportReporter -->
<testsuite hostname="LAPTOP-NBCD1KMT" failures="0" tests="4" name="com.app.test.TestCase34" time="19.627" errors="0" timestamp="2024-04-12T14:35:55 IST" skipped="0">
  <testcase classname="com.app.test.TestCase34" name="setConfiguration" time="7.568"/>
  <testcase classname="com.app.test.TestCase34" name="setBrowserConfig" time="8.738"/>
  <testcase classname="com.app.test.TestCase34" name="regression" time="1.647"/>
  <testcase classname="com.app.test.TestCase34" name="logout" time="1.674"/>
</testsuite> <!-- com.app.test.TestCase34 -->
