<?xml version="1.0" encoding="UTF-8"?>
<!-- Generated by org.testng.reporters.JUnitReportReporter -->
<testsuite hostname="LAPTOP-NBCD1KMT" failures="0" tests="4" name="com.app.test.TestCase2" time="5.520" errors="0" timestamp="2024-04-03T14:23:42 IST" skipped="0">
  <testcase classname="com.app.test.TestCase2" name="setConfiguration" time="2.560"/>
  <testcase classname="com.app.test.TestCase2" name="setBrowser" time="2.452"/>
  <testcase classname="com.app.test.TestCase2" name="regressiontest" time="0.247"/>
  <testcase classname="com.app.test.TestCase2" name="teardown" time="0.261"/>
</testsuite> <!-- com.app.test.TestCase2 -->
